-- The C compiler identification is GNU 9.3.0
-- The CXX compiler identification is GNU 9.3.0
-- Detecting C compiler ABI info
-- Detecting C compiler ABI info - done
-- Check for working C compiler: /usr/bin/cc - skipped
-- Detecting C compile features
-- Detecting C compile features - done
-- Detecting CXX compiler ABI info
-- Detecting CXX compiler ABI info - done
-- Check for working CXX compiler: /usr/bin/c++ - skipped
-- Detecting CXX compile features
-- Detecting CXX compile features - done
-- Found ament_cmake: 0.9.8 (/home/shunski/ros2_foxy/install/ament_cmake/share/ament_cmake/cmake)
-- Found PythonInterp: /usr/bin/python3 (found suitable version "3.8.5", minimum required is "3") 
-- Using PYTHON_EXECUTABLE: /usr/bin/python3
-- Found rclcpp: 2.3.1 (/home/shunski/ros2_foxy/install/rclcpp/share/rclcpp/cmake)
-- Using all available rosidl_typesupport_c: rosidl_typesupport_introspection_c;rosidl_typesupport_fastrtps_c
-- Found rosidl_adapter: 1.2.1 (/home/shunski/ros2_foxy/install/rosidl_adapter/share/rosidl_adapter/cmake)
-- Found OpenSSL: /usr/lib/x86_64-linux-gnu/libcrypto.so (found version "1.1.1f")  
-- Found FastRTPS: /home/shunski/ros2_foxy/install/fastrtps/include  
-- Using all available rosidl_typesupport_cpp: rosidl_typesupport_introspection_cpp;rosidl_typesupport_fastrtps_cpp
-- Found rmw_implementation_cmake: 1.0.3 (/home/shunski/ros2_foxy/install/rmw_implementation_cmake/share/rmw_implementation_cmake/cmake)
-- Using RMW implementation 'rmw_fastrtps_cpp' as default
-- Looking for pthread.h
-- Looking for pthread.h - found
-- Performing Test CMAKE_HAVE_LIBC_PTHREAD
-- Performing Test CMAKE_HAVE_LIBC_PTHREAD - Failed
-- Looking for pthread_create in pthreads
-- Looking for pthread_create in pthreads - not found
-- Looking for pthread_create in pthread
-- Looking for pthread_create in pthread - found
-- Found Threads: TRUE  
-- Found dog_srv: 0.0.0 (/home/shunski/aki_ws/install/dog_srv/share/dog_srv/cmake)
-- Found ament_lint_auto: 0.9.6 (/home/shunski/ros2_foxy/install/ament_lint_auto/share/ament_lint_auto/cmake)
-- Added test 'copyright' to check source files copyright and LICENSE
-- Added test 'cppcheck' to perform static code analysis on C / C++ code
-- Configured cppcheck include dirs: 
-- Configured cppcheck exclude dirs and/or files: 
-- Added test 'cpplint' to check C / C++ code against the Google style
-- Configured cpplint exclude dirs and/or files: 
-- Added test 'lint_cmake' to check CMake code style
-- Added test 'uncrustify' to check C / C++ code style
-- Configured uncrustify additional arguments: 
-- Added test 'xmllint' to check XML markup files
-- Configuring done
-- Generating done
-- Build files have been written to: /home/shunski/aki_ws/build/cpp_ros2_srv
[35m[1mScanning dependencies of target server[0m
[35m[1mScanning dependencies of target client[0m
[ 50%] [32mBuilding CXX object CMakeFiles/server.dir/src/server.cpp.o[0m
[ 50%] [32mBuilding CXX object CMakeFiles/client.dir/src/client.cpp.o[0m
[01m[K/home/shunski/aki_ws/src/cpp_ros2_srv/src/client.cpp:[m[K In function â€˜[01m[Kint main(int, char**)[m[Kâ€™:
[01m[K/home/shunski/aki_ws/src/cpp_ros2_srv/src/client.cpp:11:18:[m[K [01;31m[Kerror: [m[Kâ€˜[01m[Kargc[m[Kâ€™ was not declared in this scope; did you mean â€˜[01m[Kagrc[m[Kâ€™?
   11 |     rclcpp::init([01;31m[Kargc[m[K, argv);
      |                  [01;31m[K^~~~[m[K
      |                  [32m[Kagrc[m[K
[01m[K/home/shunski/aki_ws/src/cpp_ros2_srv/src/client.cpp:30:42:[m[K [01;31m[Kerror: [m[Kcould not convert â€˜[01m[Krclcpp::spin_until_future_complete<rclcpp::Node, std::shared_ptr<dog_srv::srv::Dog_Response_<std::allocator<void> > > >(std::shared_ptr<rclcpp::Node>(node), result, std::chrono::duration<long int, std::ratio<1, 1000> >(-1))[m[Kâ€™ from â€˜[01m[Krclcpp::FutureReturnCode[m[Kâ€™ to â€˜[01m[Kbool[m[Kâ€™
   30 |     if([01;31m[Krclcpp::spin_until_future_complete(node, result)[m[K) == rclcpp::FutureReturnCode::SUCCESS) {
      |        [01;31m[K~~~~~~~~~~~~~~~~~~~~~~~~~~~~~~~~~~^~~~~~~~~~~~~~[m[K
      |                                          [01;31m[K|[m[K
      |                                          [01;31m[Krclcpp::FutureReturnCode[m[K
[01m[K/home/shunski/aki_ws/src/cpp_ros2_srv/src/client.cpp:30:58:[m[K [01;31m[Kerror: [m[Kexpected primary-expression before â€˜[01m[K==[m[Kâ€™ token
   30 |     if(rclcpp::spin_until_future_complete(node, result)) [01;31m[K==[m[K rclcpp::FutureReturnCode::SUCCESS) {
      |                                                          [01;31m[K^~[m[K
[01m[K/home/shunski/aki_ws/src/cpp_ros2_srv/src/client.cpp:10:14:[m[K [01;35m[Kwarning: [m[Kunused parameter â€˜[01m[Kagrc[m[Kâ€™ [[01;35m[K-Wunused-parameter[m[K]
   10 | int main([01;35m[Kint agrc[m[K, char **argv){
      |          [01;35m[K~~~~^~~~[m[K
[01m[K/home/shunski/aki_ws/src/cpp_ros2_srv/src/server.cpp:[m[K In function â€˜[01m[Kvoid sendResponse(std::shared_ptr<dog_srv::srv::Dog_Request_<std::allocator<void> > >, std::shared_ptr<dog_srv::srv::Dog_Response_<std::allocator<void> > >)[m[Kâ€™:
[01m[K/home/shunski/aki_ws/src/cpp_ros2_srv/src/server.cpp:7:69:[m[K [01;35m[Kwarning: [m[Kunused parameter â€˜[01m[Krequest[m[Kâ€™ [[01;35m[K-Wunused-parameter[m[K]
    7 | void sendResponse([01;35m[Kconst std::shared_ptr<dog_srv::srv::Dog::Request> request[m[K, std::shared_ptr<dog_srv::srv::Dog::Response> response){
      |                   [01;35m[K~~~~~~~~~~~~~~~~~~~~~~~~~~~~~~~~~~~~~~~~~~~~~~~~~~^~~~~~~[m[K
[01m[K/home/shunski/aki_ws/src/cpp_ros2_srv/src/server.cpp:[m[K In function â€˜[01m[Kint main(int, char**)[m[Kâ€™:
[01m[K/home/shunski/aki_ws/src/cpp_ros2_srv/src/server.cpp:23:13:[m[K [01;31m[Kerror: [m[Kâ€˜[01m[Kshudown[m[Kâ€™ is not a member of â€˜[01m[Krclcpp[m[Kâ€™; did you mean â€˜[01m[Kshutdown[m[Kâ€™?
   23 |     rclcpp::[01;31m[Kshudown[m[K();
      |             [01;31m[K^~~~~~~[m[K
      |             [32m[Kshutdown[m[K
make[2]: *** [CMakeFiles/server.dir/build.make:82: CMakeFiles/server.dir/src/server.cpp.o] Error 1
make[1]: *** [CMakeFiles/Makefile2:153: CMakeFiles/server.dir/all] Error 2
make[1]: *** Waiting for unfinished jobs....
make[2]: *** [CMakeFiles/client.dir/build.make:82: CMakeFiles/client.dir/src/client.cpp.o] Error 1
make[1]: *** [CMakeFiles/Makefile2:99: CMakeFiles/client.dir/all] Error 2
make: *** [Makefile:160: all] Error 2
