[0.051s] Invoking command in '/home/shunski/aki_ws/build/dog_interfaces': CMAKE_PREFIX_PATH=${CMAKE_PREFIX_PATH}:/opt/ros/foxy:/home/shunski/ros2_foxy/install/ros2bag:/home/shunski/ros2_foxy/install/tracetools_launch:/home/shunski/ros2_foxy/install/topic_monitor:/home/shunski/ros2_foxy/install/examples_tf2_py:/home/shunski/ros2_foxy/install/sros2:/home/shunski/ros2_foxy/install/rqt_topic:/home/shunski/ros2_foxy/install/rqt_top:/home/shunski/ros2_foxy/install/rqt_srv:/home/shunski/ros2_foxy/install/rqt_shell:/home/shunski/ros2_foxy/install/rqt_service_caller:/home/shunski/ros2_foxy/install/rqt_reconfigure:/home/shunski/ros2_foxy/install/rqt_py_console:/home/shunski/ros2_foxy/install/rqt_publisher:/home/shunski/ros2_foxy/install/rqt_plot:/home/shunski/ros2_foxy/install/rqt_action:/home/shunski/ros2_foxy/install/rqt_msg:/home/shunski/ros2_foxy/install/rqt:/home/shunski/ros2_foxy/install/rqt_graph:/home/shunski/ros2_foxy/install/rqt_gui_py:/home/shunski/ros2_foxy/install/rqt_gui:/home/shunski/ros2_foxy/install/ros2trace:/home/shunski/ros2_foxy/install/ros2topic:/home/shunski/ros2_foxy/install/ros2test:/home/shunski/ros2_foxy/install/ros2component:/home/shunski/ros2_foxy/install/ros2param:/home/shunski/ros2_foxy/install/ros2lifecycle:/home/shunski/ros2_foxy/install/ros2service:/home/shunski/ros2_foxy/install/ros2run:/home/shunski/ros2_foxy/install/ros2launch:/home/shunski/ros2_foxy/install/ros2pkg:/home/shunski/ros2_foxy/install/ros2node:/home/shunski/ros2_foxy/install/ros2multicast:/home/shunski/ros2_foxy/install/ros2interface:/home/shunski/ros2_foxy/install/ros2doctor:/home/shunski/ros2_foxy/install/ros2action:/home/shunski/ros2_foxy/install/ros2cli:/home/shunski/ros2_foxy/install/quality_of_service_demo_py:/home/shunski/ros2_foxy/install/launch_testing_ros:/home/shunski/ros2_foxy/install/launch_ros:/home/shunski/ros2_foxy/install/examples_rclpy_minimal_subscriber:/home/shunski/ros2_foxy/install/examples_rclpy_minimal_service:/home/shunski/ros2_foxy/install/examples_rclpy_minimal_publisher:/home/shunski/ros2_foxy/install/examples_rclpy_minimal_client:/home/shunski/ros2_foxy/install/examples_rclpy_minimal_action_server:/home/shunski/ros2_foxy/install/examples_rclpy_minimal_action_client:/home/shunski/ros2_foxy/install/examples_rclpy_executors:/home/shunski/ros2_foxy/install/demo_nodes_py:/home/shunski/ros2_foxy/install/action_tutorials_py:/home/shunski/ros2_foxy/install/ament_uncrustify:/home/shunski/ros2_foxy/install/tracetools_trace:/home/shunski/ros2_foxy/install/tracetools_read:/home/shunski/ros2_foxy/install/test_launch_ros:/home/shunski/ros2_foxy/install/sensor_msgs_py:/home/shunski/ros2_foxy/install/rpyutils:/home/shunski/ros2_foxy/install/rosidl_runtime_py:/home/shunski/ros2_foxy/install/launch_yaml:/home/shunski/ros2_foxy/install/launch_xml:/home/shunski/ros2_foxy/install/launch_testing:/home/shunski/ros2_foxy/install/launch:/home/shunski/ros2_foxy/install/osrf_pycommon:/home/shunski/ros2_foxy/install/domain_coordinator:/home/shunski/ros2_foxy/install/ament_xmllint:/home/shunski/ros2_foxy/install/ament_pyflakes:/home/shunski/ros2_foxy/install/ament_pycodestyle:/home/shunski/ros2_foxy/install/ament_pep257:/home/shunski/ros2_foxy/install/ament_pclint:/home/shunski/ros2_foxy/install/ament_package:/home/shunski/ros2_foxy/install/ament_mypy:/home/shunski/ros2_foxy/install/ament_lint_cmake:/home/shunski/ros2_foxy/install/ament_flake8:/home/shunski/ros2_foxy/install/ament_copyright:/home/shunski/ros2_foxy/install/ament_lint:/home/shunski/ros2_foxy/install/ament_index_python:/home/shunski/ros2_foxy/install/ament_cpplint:/home/shunski/ros2_foxy/install/ament_cppcheck:/home/shunski/ros2_foxy/install/ament_clang_tidy:/home/shunski/ros2_foxy/install/ament_clang_format /home/shunski/bin/cmake --build /home/shunski/aki_ws/build/dog_interfaces -- -j8 -l8
[0.084s] -- Found ament_cmake: 0.9.8 (/home/shunski/ros2_foxy/install/ament_cmake/share/ament_cmake/cmake)
[0.495s] -- Found PythonInterp: /usr/bin/python3 (found suitable version "3.8.5", minimum required is "3") 
[0.495s] -- Using PYTHON_EXECUTABLE: /usr/bin/python3
[1.207s] -- Found rosidl_default_generators: 1.0.1 (/home/shunski/ros2_foxy/install/rosidl_default_generators/share/rosidl_default_generators/cmake)
[1.320s] -- Using all available rosidl_typesupport_c: rosidl_typesupport_introspection_c;rosidl_typesupport_fastrtps_c
[1.324s] -- Found rosidl_adapter: 1.2.1 (/home/shunski/ros2_foxy/install/rosidl_adapter/share/rosidl_adapter/cmake)
[1.652s] -- Using all available rosidl_typesupport_cpp: rosidl_typesupport_introspection_cpp;rosidl_typesupport_fastrtps_cpp
[2.077s] -- Found PythonInterp: /usr/bin/python3 (found version "3.8.5") 
[2.842s] CMake Error at /home/shunski/ros2_foxy/install/rosidl_adapter/share/rosidl_adapter/cmake/rosidl_adapt_interfaces.cmake:60 (message):
[2.842s]   execute_process(/usr/bin/python3 -m rosidl_adapter --package-name
[2.842s]   dog_interfaces --arguments-file
[2.842s]   /home/shunski/aki_ws/build/dog_interfaces/rosidl_adapter__arguments__dog_interfaces.json
[2.842s]   --output-dir
[2.842s]   /home/shunski/aki_ws/build/dog_interfaces/rosidl_adapter/dog_interfaces
[2.842s]   --output-file
[2.843s]   /home/shunski/aki_ws/build/dog_interfaces/rosidl_adapter/dog_interfaces.idls)
[2.843s]   returned error code 1:
[2.843s] 
[2.843s]   Traceback (most recent call last):
[2.843s] 
[2.843s]     File "/usr/lib/python3.8/runpy.py", line 194, in _run_module_as_main
[2.843s]       return _run_code(code, main_globals, None,
[2.843s]     File "/usr/lib/python3.8/runpy.py", line 87, in _run_code
[2.843s]       exec(code, run_globals)
[2.843s]     File "/home/shunski/ros2_foxy/install/rosidl_adapter/lib/python3.8/site-packages/rosidl_adapter/__main__.py", line 19, in <module>
[2.843s]       sys.exit(main())
[2.843s]     File "/home/shunski/ros2_foxy/install/rosidl_adapter/lib/python3.8/site-packages/rosidl_adapter/main.py", line 53, in main
[2.843s]       abs_idl_file = convert_to_idl(
[2.844s]     File "/home/shunski/ros2_foxy/install/rosidl_adapter/lib/python3.8/site-packages/rosidl_adapter/__init__.py", line 24, in convert_to_idl
[2.844s]       return convert_srv_to_idl(
[2.844s]     File "/home/shunski/ros2_foxy/install/rosidl_adapter/lib/python3.8/site-packages/rosidl_adapter/srv/__init__.py", line 28, in convert_srv_to_idl
[2.844s]       srv = parse_service_string(package_name, input_file.stem, content)
[2.844s]     File "/home/shunski/ros2_foxy/install/rosidl_adapter/lib/python3.8/site-packages/rosidl_adapter/parser.py", line 852, in parse_service_string
[2.844s]       request_message = parse_message_string(
[2.844s]     File "/home/shunski/ros2_foxy/install/rosidl_adapter/lib/python3.8/site-packages/rosidl_adapter/parser.py", line 540, in parse_message_string
[2.844s]       msg = MessageSpecification(pkg_name, msg_name, fields, constants)
[2.844s]     File "/home/shunski/ros2_foxy/install/rosidl_adapter/lib/python3.8/site-packages/rosidl_adapter/parser.py", line 387, in __init__
[2.844s]       self.base_type = BaseType(
[2.844s]     File "/home/shunski/ros2_foxy/install/rosidl_adapter/lib/python3.8/site-packages/rosidl_adapter/parser.py", line 204, in __init__
[2.844s]       raise InvalidResourceName(
[2.844s] 
[2.844s]   rosidl_adapter.parser.InvalidResourceName: 'cat_Request' is an invalid
[2.844s]   message name.  It should have the pattern '^[A-Z][A-Za-z0-9]*$'
[2.844s] 
[2.845s] Call Stack (most recent call first):
[2.845s]   /home/shunski/ros2_foxy/install/rosidl_cmake/share/rosidl_cmake/cmake/rosidl_generate_interfaces.cmake:130 (rosidl_adapt_interfaces)
[2.845s]   CMakeLists.txt:22 (rosidl_generate_interfaces)
[2.845s] 
[2.845s] 
[2.845s] -- Configuring incomplete, errors occurred!
[2.845s] See also "/home/shunski/aki_ws/build/dog_interfaces/CMakeFiles/CMakeOutput.log".
[2.848s] make: *** [Makefile:767: cmake_check_build_system] Error 1
[2.851s] Invoked command in '/home/shunski/aki_ws/build/dog_interfaces' returned '2': CMAKE_PREFIX_PATH=${CMAKE_PREFIX_PATH}:/opt/ros/foxy:/home/shunski/ros2_foxy/install/ros2bag:/home/shunski/ros2_foxy/install/tracetools_launch:/home/shunski/ros2_foxy/install/topic_monitor:/home/shunski/ros2_foxy/install/examples_tf2_py:/home/shunski/ros2_foxy/install/sros2:/home/shunski/ros2_foxy/install/rqt_topic:/home/shunski/ros2_foxy/install/rqt_top:/home/shunski/ros2_foxy/install/rqt_srv:/home/shunski/ros2_foxy/install/rqt_shell:/home/shunski/ros2_foxy/install/rqt_service_caller:/home/shunski/ros2_foxy/install/rqt_reconfigure:/home/shunski/ros2_foxy/install/rqt_py_console:/home/shunski/ros2_foxy/install/rqt_publisher:/home/shunski/ros2_foxy/install/rqt_plot:/home/shunski/ros2_foxy/install/rqt_action:/home/shunski/ros2_foxy/install/rqt_msg:/home/shunski/ros2_foxy/install/rqt:/home/shunski/ros2_foxy/install/rqt_graph:/home/shunski/ros2_foxy/install/rqt_gui_py:/home/shunski/ros2_foxy/install/rqt_gui:/home/shunski/ros2_foxy/install/ros2trace:/home/shunski/ros2_foxy/install/ros2topic:/home/shunski/ros2_foxy/install/ros2test:/home/shunski/ros2_foxy/install/ros2component:/home/shunski/ros2_foxy/install/ros2param:/home/shunski/ros2_foxy/install/ros2lifecycle:/home/shunski/ros2_foxy/install/ros2service:/home/shunski/ros2_foxy/install/ros2run:/home/shunski/ros2_foxy/install/ros2launch:/home/shunski/ros2_foxy/install/ros2pkg:/home/shunski/ros2_foxy/install/ros2node:/home/shunski/ros2_foxy/install/ros2multicast:/home/shunski/ros2_foxy/install/ros2interface:/home/shunski/ros2_foxy/install/ros2doctor:/home/shunski/ros2_foxy/install/ros2action:/home/shunski/ros2_foxy/install/ros2cli:/home/shunski/ros2_foxy/install/quality_of_service_demo_py:/home/shunski/ros2_foxy/install/launch_testing_ros:/home/shunski/ros2_foxy/install/launch_ros:/home/shunski/ros2_foxy/install/examples_rclpy_minimal_subscriber:/home/shunski/ros2_foxy/install/examples_rclpy_minimal_service:/home/shunski/ros2_foxy/install/examples_rclpy_minimal_publisher:/home/shunski/ros2_foxy/install/examples_rclpy_minimal_client:/home/shunski/ros2_foxy/install/examples_rclpy_minimal_action_server:/home/shunski/ros2_foxy/install/examples_rclpy_minimal_action_client:/home/shunski/ros2_foxy/install/examples_rclpy_executors:/home/shunski/ros2_foxy/install/demo_nodes_py:/home/shunski/ros2_foxy/install/action_tutorials_py:/home/shunski/ros2_foxy/install/ament_uncrustify:/home/shunski/ros2_foxy/install/tracetools_trace:/home/shunski/ros2_foxy/install/tracetools_read:/home/shunski/ros2_foxy/install/test_launch_ros:/home/shunski/ros2_foxy/install/sensor_msgs_py:/home/shunski/ros2_foxy/install/rpyutils:/home/shunski/ros2_foxy/install/rosidl_runtime_py:/home/shunski/ros2_foxy/install/launch_yaml:/home/shunski/ros2_foxy/install/launch_xml:/home/shunski/ros2_foxy/install/launch_testing:/home/shunski/ros2_foxy/install/launch:/home/shunski/ros2_foxy/install/osrf_pycommon:/home/shunski/ros2_foxy/install/domain_coordinator:/home/shunski/ros2_foxy/install/ament_xmllint:/home/shunski/ros2_foxy/install/ament_pyflakes:/home/shunski/ros2_foxy/install/ament_pycodestyle:/home/shunski/ros2_foxy/install/ament_pep257:/home/shunski/ros2_foxy/install/ament_pclint:/home/shunski/ros2_foxy/install/ament_package:/home/shunski/ros2_foxy/install/ament_mypy:/home/shunski/ros2_foxy/install/ament_lint_cmake:/home/shunski/ros2_foxy/install/ament_flake8:/home/shunski/ros2_foxy/install/ament_copyright:/home/shunski/ros2_foxy/install/ament_lint:/home/shunski/ros2_foxy/install/ament_index_python:/home/shunski/ros2_foxy/install/ament_cpplint:/home/shunski/ros2_foxy/install/ament_cppcheck:/home/shunski/ros2_foxy/install/ament_clang_tidy:/home/shunski/ros2_foxy/install/ament_clang_format /home/shunski/bin/cmake --build /home/shunski/aki_ws/build/dog_interfaces -- -j8 -l8
